<?xml version="1.0" encoding="UTF-8"?>
<!-- Generated by org.testng.reporters.JUnitReportReporter -->
<testsuite hostname="NishMage" failures="0" tests="2" name="myntra.Challenge1" time="51.012" errors="0" timestamp="2025-07-01T11:50:28 IST" skipped="0">
  <testcase classname="myntra.Challenge1" name="AsearchItem" time="19.741"/>
  <testcase classname="myntra.Challenge1" name="selectItem" time="31.271"/>
</testsuite> <!-- myntra.Challenge1 -->
