<?xml version="1.0" encoding="UTF-8"?>
<!-- Generated by org.testng.reporters.JUnitReportReporter -->
<testsuite hostname="NishMage" failures="0" tests="1" name="myntra.Challenge5" time="29.090" errors="0" timestamp="2025-07-01T16:35:23 IST" skipped="0">
  <testcase classname="myntra.Challenge5" name="Wifi_Off" time="29.090"/>
</testsuite> <!-- myntra.Challenge5 -->
