<?xml version="1.0" encoding="UTF-8"?>
<!-- Generated by org.testng.reporters.JUnitReportReporter -->
<testsuite hostname="NishMage" failures="0" tests="1" name="myntra.NewTest" time="0.218" errors="0" timestamp="2025-06-22T12:08:24 IST" skipped="0">
  <testcase classname="myntra.NewTest" name="perfomancedata" time="0.218"/>
</testsuite> <!-- myntra.NewTest -->
