<?xml version="1.0" encoding="UTF-8"?>
<!-- Generated by org.testng.reporters.JUnitReportReporter -->
<testsuite hostname="NishMage" failures="0" tests="1" name="myntra.Challenge4" time="8.189" errors="0" timestamp="2025-07-01T16:33:51 IST" skipped="0">
  <testcase classname="myntra.Challenge4" name="appActivity" time="8.189"/>
</testsuite> <!-- myntra.Challenge4 -->
