<?xml version="1.0" encoding="UTF-8"?>
<!-- Generated by org.testng.reporters.JUnitReportReporter -->
<testsuite hostname="NishMage" failures="0" tests="1" name="myntra.Challenge2" time="15.590" errors="0" timestamp="2025-07-01T16:12:59 IST" skipped="0">
  <testcase classname="myntra.Challenge2" name="imageSearch" time="15.590"/>
</testsuite> <!-- myntra.Challenge2 -->
