<?xml version="1.0" encoding="UTF-8"?>
<!-- Generated by org.testng.reporters.JUnitReportReporter -->
<testsuite hostname="NishMage" failures="0" tests="1" name="myntra.Challenge6" time="25.071" errors="0" timestamp="2025-07-01T16:40:00 IST" skipped="0">
  <testcase classname="myntra.Challenge6" name="CultPass" time="25.071"/>
</testsuite> <!-- myntra.Challenge6 -->
