<?xml version="1.0" encoding="UTF-8"?>
<!-- Generated by org.testng.reporters.JUnitReportReporter -->
<testsuite hostname="NishMage" failures="0" tests="3" name="Amazon.SearchProducts" time="12.983" errors="0" timestamp="2025-08-15T16:26:20 IST" skipped="0">
  <testcase classname="Amazon.SearchProducts" name="search_products" time="3.086">
    <system-out>
      <![CDATA[Starting the test case search_products
Status of the execution 1]]>
    </system-out>
  </testcase> <!-- search_products -->
  <testcase classname="Amazon.SearchProducts" name="addCart" time="0.543">
    <system-out>
      <![CDATA[Starting the test case addCart
Status of the execution 1]]>
    </system-out>
  </testcase> <!-- addCart -->
  <testcase classname="Amazon.SearchProducts" name="select_products" time="9.354">
    <system-out>
      <![CDATA[Starting the test case select_products
Status of the execution 1]]>
    </system-out>
  </testcase> <!-- select_products -->
  <system-out>
    <![CDATA[Starting the test case search_products
Status of the execution 1
Starting the test case select_products
Status of the execution 1
Starting the test case addCart
Status of the execution 1
Starting the test case search_products
Status of the execution 1
Starting the test case filter_select_products
Status of the execution 1
Starting the test case add_to_cart
Status of the execution 1
Starting the test case payment
Status of the execution 1
Starting the test case searchProducts
Status of the execution 1
Starting the test case filterProducts
Status of the execution 1
Starting the test case searchProducts
Status of the execution 1
Starting the test case sortPrice
Status of the execution 1
Starting the test case Order_Details
Status of the execution 1]]>
  </system-out>
</testsuite> <!-- Amazon.SearchProducts -->
