<?xml version="1.0" encoding="UTF-8"?>
<!-- Generated by org.testng.reporters.JUnitReportReporter -->
<testsuite hostname="NishMage" failures="0" tests="4" name="Amazon.AddToCart" time="22.226" errors="0" timestamp="2025-08-15T16:26:20 IST" skipped="0">
  <testcase classname="Amazon.AddToCart" name="search_products" time="5.114">
    <system-out>
      <![CDATA[Starting the test case search_products
Status of the execution 1]]>
    </system-out>
  </testcase> <!-- search_products -->
  <testcase classname="Amazon.AddToCart" name="payment" time="7.927">
    <system-out>
      <![CDATA[Starting the test case payment
Status of the execution 1]]>
    </system-out>
  </testcase> <!-- payment -->
  <testcase classname="Amazon.AddToCart" name="filter_select_products" time="7.686">
    <system-out>
      <![CDATA[Starting the test case filter_select_products
Status of the execution 1]]>
    </system-out>
  </testcase> <!-- filter_select_products -->
  <testcase classname="Amazon.AddToCart" name="add_to_cart" time="1.499">
    <system-out>
      <![CDATA[Starting the test case add_to_cart
Status of the execution 1]]>
    </system-out>
  </testcase> <!-- add_to_cart -->
  <system-out>
    <![CDATA[Starting the test case search_products
Status of the execution 1
Starting the test case select_products
Status of the execution 1
Starting the test case addCart
Status of the execution 1
Starting the test case search_products
Status of the execution 1
Starting the test case filter_select_products
Status of the execution 1
Starting the test case add_to_cart
Status of the execution 1
Starting the test case payment
Status of the execution 1
Starting the test case searchProducts
Status of the execution 1
Starting the test case filterProducts
Status of the execution 1
Starting the test case searchProducts
Status of the execution 1
Starting the test case sortPrice
Status of the execution 1
Starting the test case Order_Details
Status of the execution 1]]>
  </system-out>
</testsuite> <!-- Amazon.AddToCart -->
