<?xml version="1.0" encoding="UTF-8"?>
<!-- Generated by org.testng.reporters.JUnitReportReporter -->
<testsuite hostname="NishMage" failures="0" tests="1" name="Amazon.sample" time="0.008" errors="0" timestamp="2025-07-25T11:24:59 IST" skipped="0">
  <testcase classname="Amazon.sample" name="display" time="0.008"/>
</testsuite> <!-- Amazon.sample -->
