<?xml version="1.0" encoding="UTF-8"?>
<!-- Generated by org.testng.reporters.JUnitReportReporter -->
<testsuite hostname="NishMage" failures="0" tests="3" name="goRestAPI.UserManagement_GraphQL" time="1.211" errors="0" timestamp="2025-08-17T22:10:33 IST" skipped="0">
  <testcase classname="goRestAPI.UserManagement_GraphQL" name="create_user" time="0.338"/>
  <testcase classname="goRestAPI.UserManagement_GraphQL" name="create_user" time="0.471"/>
  <testcase classname="goRestAPI.UserManagement_GraphQL" name="get_user_by_id" time="0.402"/>
</testsuite> <!-- goRestAPI.UserManagement_GraphQL -->
