<?xml version="1.0" encoding="UTF-8"?>
<!-- Generated by org.testng.reporters.JUnitReportReporter -->
<testsuite hostname="NishMage" failures="0" tests="4" name="goRestAPI.UserManagement" time="3.980" errors="0" timestamp="2025-08-17T22:10:33 IST" skipped="0">
  <testcase classname="goRestAPI.UserManagement" name="create_user" time="2.797"/>
  <testcase classname="goRestAPI.UserManagement" name="delete_user" time="0.544"/>
  <testcase classname="goRestAPI.UserManagement" name="update_user" time="0.440"/>
  <testcase classname="goRestAPI.UserManagement" name="get_all_users" time="0.199"/>
</testsuite> <!-- goRestAPI.UserManagement -->
