<?xml version="1.0" encoding="UTF-8"?>
<!-- Generated by org.testng.reporters.JUnitReportReporter -->
<testsuite hostname="NishMage" failures="0" tests="3" name="goRestAPI.Posts" time="1.680" errors="0" timestamp="2025-08-17T22:10:33 IST" skipped="0">
  <testcase classname="goRestAPI.Posts" name="get_all_posts" time="0.275"/>
  <testcase classname="goRestAPI.Posts" name="get_posts_by_id" time="0.892"/>
  <testcase classname="goRestAPI.Posts" name="get_posts_by_userid" time="0.513"/>
</testsuite> <!-- goRestAPI.Posts -->
